<testsuites id="" name="" tests="6" failures="0" skipped="0" errors="0" time="153.391058">
<testsuite name="api-trips.spec.ts" timestamp="2026-05-06T00:10:23.373Z" hostname="chromium" tests="3" failures="0" skipped="0" time="2.925" errors="0">
<testcase name="Roadtrippers API - Trip Management › POST /api/v2/trips - Create a new trip" classname="api-trips.spec.ts" time="1.67">
</testcase>
<testcase name="Roadtrippers API - Trip Management › GET /api/v2/trips/{id} - Retrieve trip data" classname="api-trips.spec.ts" time="0.829">
</testcase>
<testcase name="Roadtrippers API - Trip Management › POST /api/v2/trips - Error on empty body" classname="api-trips.spec.ts" time="0.426">
</testcase>
</testsuite>
<testsuite name="trip-planning.spec.ts" timestamp="2026-05-06T00:10:23.373Z" hostname="chromium" tests="3" failures="0" skipped="0" time="149.242" errors="0">
<testcase name="Roadtrippers Trip Planning Flow › Happy Path: Create a new trip" classname="trip-planning.spec.ts" time="50.929">
</testcase>
<testcase name="Roadtrippers Trip Planning Flow › Edge Case: Same origin and destination" classname="trip-planning.spec.ts" time="52.807">
<system-out>
<![CDATA[
[[ATTACHMENT|trip-planning-Roadtrippers-5ef2a-Same-origin-and-destination-chromium/video.webm]]
]]>
</system-out>
</testcase>
<testcase name="Roadtrippers Trip Planning Flow › Negative Scenario: Missing destination" classname="trip-planning.spec.ts" time="45.506">
<system-out>
<![CDATA[
[[ATTACHMENT|trip-planning-Roadtrippers-47594-cenario-Missing-destination-chromium/video.webm]]
]]>
</system-out>
</testcase>
</testsuite>
</testsuites>